#
# There is insufficient memory for the Java Runtime Environment to continue.
# Native memory allocation (mmap) failed to map 58720256 bytes. Error detail: G1 virtual space
# Possible reasons:
#   The system is out of physical RAM or swap space
#   This process is running with CompressedOops enabled, and the Java Heap may be blocking the growth of the native heap
# Possible solutions:
#   Reduce memory load on the system
#   Increase physical memory or swap space
#   Check if swap backing store is full
#   Decrease Java heap size (-Xmx/-Xms)
#   Decrease number of Java threads
#   Decrease Java thread stack sizes (-Xss)
#   Set larger code cache with -XX:ReservedCodeCacheSize=
#   JVM is running with Unscaled Compressed Oops mode in which the Java heap is
#     placed in the first 4GB address space. The Java Heap base address is the
#     maximum limit for the native heap growth. Please use -XX:HeapBaseMinAddress
#     to set the Java Heap base and to place the Java Heap above 4GB virtual address.
# This output file may be truncated or incomplete.
#
#  Out of Memory Error (os_windows.cpp:3631), pid=16104, tid=7112
#
# JRE version:  (22.0.2+9) (build )
# Java VM: Java HotSpot(TM) 64-Bit Server VM (22.0.2+9-70, mixed mode, sharing, tiered, compressed oops, compressed class ptrs, g1 gc, windows-amd64)
# No core dump will be written. Minidumps are not enabled by default on client versions of Windows
#

---------------  S U M M A R Y ------------

Command Line: com.mycompany.library.LIBRARY

Host: AMD Athlon Gold 3150U with Radeon Graphics     , 4 cores, 3G,  Windows 10 , 64 bit Build 19041 (10.0.19041.4842)
Time: Mon Sep 30 18:42:58 2024 Hora est. Pacífico, Sudamérica elapsed time: 0.030453 seconds (0d 0h 0m 0s)

---------------  T H R E A D  ---------------

Current thread (0x000001cbb299e9a0):  JavaThread "Unknown thread" [_thread_in_vm, id=7112, stack(0x000000282ef00000,0x000000282f000000) (1024K)]

Stack: [0x000000282ef00000,0x000000282f000000]
Native frames: (J=compiled Java code, j=interpreted, Vv=VM code, C=native code)
V  [jvm.dll+0x6e26e9]  (no source info available)
V  [jvm.dll+0x875753]  (no source info available)
V  [jvm.dll+0x877b7e]  (no source info available)
V  [jvm.dll+0x878253]  (no source info available)
V  [jvm.dll+0x27fc86]  (no source info available)
V  [jvm.dll+0x6ded85]  (no source info available)
V  [jvm.dll+0x6d388a]  (no source info available)
V  [jvm.dll+0x358b8a]  (no source info available)
V  [jvm.dll+0x3610b6]  (no source info available)
V  [jvm.dll+0x3b419e]  (no source info available)
V  [jvm.dll+0x3b4448]  (no source info available)
V  [jvm.dll+0x32c5ec]  (no source info available)
V  [jvm.dll+0x32d258]  (no source info available)
V  [jvm.dll+0x83d5ac]  (no source info available)
V  [jvm.dll+0x3c10d1]  (no source info available)
V  [jvm.dll+0x8264cc]  (no source info available)
V  [jvm.dll+0x45bd5e]  (no source info available)
V  [jvm.dll+0x45dbe1]  (no source info available)
C  [jli.dll+0x52a3]  (no source info available)
C  [ucrtbase.dll+0x21bb2]  (no source info available)
C  [KERNEL32.DLL+0x17374]  (no source info available)
C  [ntdll.dll+0x4cc91]  (no source info available)


---------------  P R O C E S S  ---------------

Threads class SMR info:
_java_thread_list=0x00007ffaca0ac1c8, length=0, elements={
}

Java Threads: ( => current thread )
Total: 0

Other Threads:
  0x000001cbb2b13db0 WorkerThread "GC Thread#0"                     [id=16180, stack(0x000000282f000000,0x000000282f100000) (1024K)]
  0x000001cbb2b1c3a0 ConcurrentGCThread "G1 Main Marker"            [id=14700, stack(0x000000282f100000,0x000000282f200000) (1024K)]
  0x000001cbb2b1d650 WorkerThread "G1 Conc#0"                       [id=4812, stack(0x000000282f200000,0x000000282f300000) (1024K)]

[error occurred during error reporting (printing all threads), id 0xc0000005, EXCEPTION_ACCESS_VIOLATION (0xc0000005) at pc=0x00007ffac97ff517]
VM state: not at safepoint (not fully initialized)

VM Mutex/Monitor currently owned by a thread:  ([mutex/lock_event])
[0x00007ffaca12cc80] Heap_lock - owner thread: 0x000001cbb299e9a0

Heap address: 0x00000000c8e00000, size: 882 MB, Compressed Oops mode: 32-bit

CDS archive(s) mapped at: [0x0000000000000000-0x0000000000000000-0x0000000000000000), size 0, SharedBaseAddress: 0x0000000800000000, ArchiveRelocationMode: 1.
Narrow klass base: 0x0000000000000000, Narrow klass shift: 0, Narrow klass range: 0x0

GC Precious Log:
 CardTable entry size: 512
 Card Set container configuration: InlinePtr #cards 5 size 8 Array Of Cards #cards 12 size 40 Howl #buckets 4 coarsen threshold 1843 Howl Bitmap #cards 512 size 80 coarsen threshold 460 Card regions per heap region 1 cards per card region 2048

Heap:
 garbage-first heap   total reserved 903168K, committed 0K, used 0K [0x00000000c8e00000, 0x0000000100000000)
  region size 1024K, 0 young (0K), 0 survivors (0K)

[error occurred during error reporting (printing heap information), id 0xc0000005, EXCEPTION_ACCESS_VIOLATION (0xc0000005) at pc=0x00007ffac9bfe869]
GC Heap History (0 events):
No events

Dll operation events (1 events):
Event: 0.019 Loaded shared library C:\Program Files\Java\jdk-22\bin\java.dll

Deoptimization events (0 events):
No events

Classes loaded (0 events):
No events

Classes unloaded (0 events):
No events

Classes redefined (0 events):
No events

Internal exceptions (0 events):
No events

ZGC Phase Switch (0 events):
No events

VM Operations (0 events):
No events

Memory protections (0 events):
No events

Nmethod flushes (0 events):
No events

Events (0 events):
No events


Dynamic libraries:
0x00007ff656e10000 - 0x00007ff656e20000 	C:\Program Files\Java\jdk-22\bin\java.exe
0x00007ffb0c170000 - 0x00007ffb0c368000 	C:\WINDOWS\SYSTEM32\ntdll.dll
0x00007ffb0bd70000 - 0x00007ffb0be31000 	C:\WINDOWS\System32\KERNEL32.DLL
0x00007ffb09d00000 - 0x00007ffb09ffd000 	C:\WINDOWS\System32\KERNELBASE.dll
0x00007ffb0a0a0000 - 0x00007ffb0a1a0000 	C:\WINDOWS\System32\ucrtbase.dll
0x00007ffaf5000000 - 0x00007ffaf501b000 	C:\Program Files\Java\jdk-22\bin\VCRUNTIME140.dll
0x00007ffb00520000 - 0x00007ffb00537000 	C:\Program Files\Java\jdk-22\bin\jli.dll
0x00007ffb0a920000 - 0x00007ffb0aabd000 	C:\WINDOWS\System32\USER32.dll
0x00007ffaf4490000 - 0x00007ffaf472a000 	C:\WINDOWS\WinSxS\amd64_microsoft.windows.common-controls_6595b64144ccf1df_6.0.19041.4355_none_60b8b9eb71f62e16\COMCTL32.dll
0x00007ffb0bf70000 - 0x00007ffb0c00e000 	C:\WINDOWS\System32\msvcrt.dll
0x00007ffb09af0000 - 0x00007ffb09b12000 	C:\WINDOWS\System32\win32u.dll
0x00007ffb0a770000 - 0x00007ffb0a79b000 	C:\WINDOWS\System32\GDI32.dll
0x00007ffb09be0000 - 0x00007ffb09cf7000 	C:\WINDOWS\System32\gdi32full.dll
0x00007ffb0a000000 - 0x00007ffb0a09d000 	C:\WINDOWS\System32\msvcp_win.dll
0x00007ffb0a740000 - 0x00007ffb0a76f000 	C:\WINDOWS\System32\IMM32.DLL
0x00007ffafef20000 - 0x00007ffafef2c000 	C:\Program Files\Java\jdk-22\bin\vcruntime140_1.dll
0x00007ffad8b70000 - 0x00007ffad8bfe000 	C:\Program Files\Java\jdk-22\bin\msvcp140.dll
0x00007ffac94c0000 - 0x00007ffaca209000 	C:\Program Files\Java\jdk-22\bin\server\jvm.dll
0x00007ffb0a560000 - 0x00007ffb0a610000 	C:\WINDOWS\System32\ADVAPI32.dll
0x00007ffb0a7a0000 - 0x00007ffb0a840000 	C:\WINDOWS\System32\sechost.dll
0x00007ffb0be40000 - 0x00007ffb0bf63000 	C:\WINDOWS\System32\RPCRT4.dll
0x00007ffb09b20000 - 0x00007ffb09b47000 	C:\WINDOWS\System32\bcrypt.dll
0x00007ffb0baa0000 - 0x00007ffb0bb0b000 	C:\WINDOWS\System32\WS2_32.dll
0x00007ffb09680000 - 0x00007ffb096cb000 	C:\WINDOWS\SYSTEM32\POWRPROF.dll
0x00007ffb07530000 - 0x00007ffb07557000 	C:\WINDOWS\SYSTEM32\WINMM.dll
0x00007ffafc980000 - 0x00007ffafc98a000 	C:\WINDOWS\SYSTEM32\VERSION.dll
0x00007ffb09660000 - 0x00007ffb09672000 	C:\WINDOWS\SYSTEM32\UMPDC.dll
0x00007ffb08040000 - 0x00007ffb08052000 	C:\WINDOWS\SYSTEM32\kernel.appcore.dll
0x00007ffaf4ff0000 - 0x00007ffaf4ffa000 	C:\Program Files\Java\jdk-22\bin\jimage.dll
0x00007ffb07340000 - 0x00007ffb07524000 	C:\WINDOWS\SYSTEM32\DBGHELP.DLL
0x00007ffb07300000 - 0x00007ffb07334000 	C:\WINDOWS\SYSTEM32\dbgcore.DLL
0x00007ffb09b50000 - 0x00007ffb09bd2000 	C:\WINDOWS\System32\bcryptPrimitives.dll
0x00007ffaf4fb0000 - 0x00007ffaf4fce000 	C:\Program Files\Java\jdk-22\bin\java.dll
0x00007ffb0b180000 - 0x00007ffb0b8ef000 	C:\WINDOWS\System32\SHELL32.dll
0x00007ffb0b050000 - 0x00007ffb0b17b000 	C:\WINDOWS\System32\ole32.dll
0x00007ffb0a1a0000 - 0x00007ffb0a4f3000 	C:\WINDOWS\System32\combase.dll

dbghelp: loaded successfully - version: 4.0.5 - missing functions: none
symbol engine: initialized successfully - sym options: 0x614 - pdb path: .;C:\Program Files\Java\jdk-22\bin;C:\WINDOWS\SYSTEM32;C:\WINDOWS\WinSxS\amd64_microsoft.windows.common-controls_6595b64144ccf1df_6.0.19041.4355_none_60b8b9eb71f62e16;C:\Program Files\Java\jdk-22\bin\server

VM Arguments:
java_command: com.mycompany.library.LIBRARY
java_class_path (initial): C:\Users\Mateo Gonzalez\Documents\NetBeansProjects\LIBRARY\target\classes
Launcher Type: SUN_STANDARD

[Global flags]
     intx CICompilerCount                          = 3                                         {product} {ergonomic}
     uint ConcGCThreads                            = 1                                         {product} {ergonomic}
     uint G1ConcRefinementThreads                  = 4                                         {product} {ergonomic}
   size_t G1HeapRegionSize                         = 1048576                                   {product} {ergonomic}
   size_t InitialHeapSize                          = 58720256                                  {product} {ergonomic}
   size_t MarkStackSize                            = 4194304                                   {product} {ergonomic}
   size_t MaxHeapSize                              = 924844032                                 {product} {ergonomic}
   size_t MinHeapDeltaBytes                        = 1048576                                   {product} {ergonomic}
   size_t MinHeapSize                              = 8388608                                   {product} {ergonomic}
    uintx NonNMethodCodeHeapSize                   = 5832780                                {pd product} {ergonomic}
    uintx NonProfiledCodeHeapSize                  = 122912730                              {pd product} {ergonomic}
    uintx ProfiledCodeHeapSize                     = 122912730                              {pd product} {ergonomic}
    uintx ReservedCodeCacheSize                    = 251658240                              {pd product} {ergonomic}
     bool SegmentedCodeCache                       = true                                      {product} {ergonomic}
   size_t SoftMaxHeapSize                          = 924844032                              {manageable} {ergonomic}
     bool UseCompressedOops                        = true                           {product lp64_product} {ergonomic}
     bool UseG1GC                                  = true                                      {product} {ergonomic}
     bool UseLargePagesIndividualAllocation        = false                                  {pd product} {ergonomic}

Logging:
Log output configuration:
 #0: stdout all=warning uptime,level,tags foldmultilines=false
 #1: stderr all=off uptime,level,tags foldmultilines=false

Environment Variables:
JAVA_HOME=C:\Program Files\Java\jdk-22
PATH=C:\Program Files\Common Files\Oracle\Java\javapath;C:\Program Files (x86)\Common Files\Oracle\Java\javapath;C:\WINDOWS\system32;C:\WINDOWS;C:\WINDOWS\System32\Wbem;C:\WINDOWS\System32\WindowsPowerShell\v1.0\;C:\WINDOWS\System32\OpenSSH\;C:\Users\Mateo Gonzalez\AppData\Local\Microsoft\WindowsApps;
USERNAME=Mateo Gonzalez
OS=Windows_NT
PROCESSOR_IDENTIFIER=AMD64 Family 23 Model 24 Stepping 1, AuthenticAMD
TMP=C:\Users\MATEOG~1\AppData\Local\Temp
TEMP=C:\Users\MATEOG~1\AppData\Local\Temp




Periodic native trim disabled

---------------  S Y S T E M  ---------------

OS:
 Windows 10 , 64 bit Build 19041 (10.0.19041.4842)
OS uptime: 14 days 20:38 hours

CPU: total 4 (initial active 4) (4 cores per cpu, 2 threads per core) family 23 model 24 stepping 1 microcode 0x0, cx8, cmov, fxsr, ht, mmx, 3dnowpref, sse, sse2, sse3, ssse3, sse4a, sse4.1, sse4.2, popcnt, lzcnt, tsc, tscinvbit, avx, avx2, aes, clmul, bmi1, bmi2, adx, sha, fma, vzeroupper, clflush, clflushopt, rdtscp, f16c
Processor Information for processor 0
  Max Mhz: 2400, Current Mhz: 2400, Mhz Limit: 2400
Processor Information for processor 1
  Max Mhz: 2400, Current Mhz: 2400, Mhz Limit: 2400
Processor Information for processor 2
  Max Mhz: 2400, Current Mhz: 1400, Mhz Limit: 2400
Processor Information for processor 3
  Max Mhz: 2400, Current Mhz: 1400, Mhz Limit: 2400

Memory: 4k page, system-wide physical 3520M (253M free)
TotalPageFile size 14272M (AvailPageFile size 66M)
current process WorkingSet (physical memory assigned to process): 11M, peak: 11M
current process commit charge ("private bytes"): 52M, peak: 107M

vm_info: Java HotSpot(TM) 64-Bit Server VM (22.0.2+9-70) for windows-amd64 JRE (22.0.2+9-70), built on 2024-06-04T16:52:23Z by "mach5one" with MS VC++ 17.6 (VS2022)

END.
