#
# There is insufficient memory for the Java Runtime Environment to continue.
# Native memory allocation (mmap) failed to map 65536 bytes. Error detail: Failed to commit metaspace.
# Possible reasons:
#   The system is out of physical RAM or swap space
#   This process is running with CompressedOops enabled, and the Java Heap may be blocking the growth of the native heap
# Possible solutions:
#   Reduce memory load on the system
#   Increase physical memory or swap space
#   Check if swap backing store is full
#   Decrease Java heap size (-Xmx/-Xms)
#   Decrease number of Java threads
#   Decrease Java thread stack sizes (-Xss)
#   Set larger code cache with -XX:ReservedCodeCacheSize=
#   JVM is running with Unscaled Compressed Oops mode in which the Java heap is
#     placed in the first 4GB address space. The Java Heap base address is the
#     maximum limit for the native heap growth. Please use -XX:HeapBaseMinAddress
#     to set the Java Heap base and to place the Java Heap above 4GB virtual address.
# This output file may be truncated or incomplete.
#
#  Out of Memory Error (virtualSpaceNode.cpp:112), pid=3232, tid=3816
#
# JRE version: Java(TM) SE Runtime Environment (22.0.2+9) (build 22.0.2+9-70)
# Java VM: Java HotSpot(TM) 64-Bit Server VM (22.0.2+9-70, mixed mode, tiered, compressed oops, compressed class ptrs, g1 gc, windows-amd64)
# No core dump will be written. Minidumps are not enabled by default on client versions of Windows
#

---------------  S U M M A R Y ------------

Command Line: com.mycompany.library.LIBRARY

Host: AMD Athlon Gold 3150U with Radeon Graphics     , 4 cores, 3G,  Windows 10 , 64 bit Build 19041 (10.0.19041.4842)
Time: Mon Sep 30 18:49:50 2024 Hora est. Pacífico, Sudamérica elapsed time: 0.150408 seconds (0d 0h 0m 0s)

---------------  T H R E A D  ---------------

Current thread (0x000001e90b7ae6c0):  JavaThread "main"             [_thread_in_vm, id=3816, stack(0x000000afd6200000,0x000000afd6300000) (1024K)]

Stack: [0x000000afd6200000,0x000000afd6300000]
Native frames: (J=compiled Java code, j=interpreted, Vv=VM code, C=native code)
V  [jvm.dll+0x6e26e9]  (no source info available)
V  [jvm.dll+0x875753]  (no source info available)
V  [jvm.dll+0x877b7e]  (no source info available)
V  [jvm.dll+0x878253]  (no source info available)
V  [jvm.dll+0x27fc86]  (no source info available)
V  [jvm.dll+0x87139e]  (no source info available)
V  [jvm.dll+0x685755]  (no source info available)
V  [jvm.dll+0x6857ba]  (no source info available)
V  [jvm.dll+0x687ffa]  (no source info available)
V  [jvm.dll+0x224f6c]  (no source info available)
V  [jvm.dll+0x68616e]  (no source info available)
V  [jvm.dll+0x269dbf]  (no source info available)
V  [jvm.dll+0x6903c4]  (no source info available)
V  [jvm.dll+0x2151c1]  (no source info available)
V  [jvm.dll+0x21564a]  (no source info available)
V  [jvm.dll+0x216071]  (no source info available)
V  [jvm.dll+0x20b3ae]  (no source info available)
V  [jvm.dll+0x5c4a8f]  (no source info available)
V  [jvm.dll+0x21cb2a]  (no source info available)
V  [jvm.dll+0x7ebe8c]  (no source info available)
V  [jvm.dll+0x7ecf26]  (no source info available)
V  [jvm.dll+0x7ed534]  (no source info available)
V  [jvm.dll+0x7ed1b8]  (no source info available)
V  [jvm.dll+0x26d6ab]  (no source info available)
V  [jvm.dll+0x3db97a]  (no source info available)
C  0x000001e91d18ebd6  (no source info available)

The last pc belongs to ldc (printed below).
Java frames: (J=compiled Java code, j=interpreted, Vv=VM code)
j  jdk.internal.access.SharedSecrets.getJavaNetUriAccess()Ljdk/internal/access/JavaNetUriAccess;+8 java.base
j  jdk.internal.module.SystemModuleFinders.<clinit>()V+0 java.base
v  ~StubRoutines::call_stub 0x000001e91d18100d
j  jdk.internal.module.ModuleBootstrap.boot2()Ljava/lang/ModuleLayer;+194 java.base
j  jdk.internal.module.ModuleBootstrap.boot()Ljava/lang/ModuleLayer;+64 java.base
j  java.lang.System.initPhase2(ZZ)I+0 java.base
v  ~StubRoutines::call_stub 0x000001e91d18100d
ldc  18 ldc  [0x000001e91d18eb20, 0x000001e91d18edc8]  680 bytes
[MachCode]
  0x000001e91d18eb20: 4883 ec08 | c5fa 1104 | 24eb 1f48 | 83ec 10c5 | fb11 0424 | eb14 4883 | ec10 4889 | 0424 48c7 
  0x000001e91d18eb40: 4424 0800 | 0000 00eb | 0150 410f | b65d 0148 | 8b4d e848 | 8b49 0848 | 8b49 0848 | 8b41 080f 
  0x000001e91d18eb60: b654 1804 | 83fa 6474 | 0e83 fa67 | 7409 83fa | 070f 85bd | 0000 00ba | 0000 0000 | e805 0000 
  0x000001e91d18eb80: 00e9 a800 | 0000 488d | 4424 084c | 896d c049 | 8bcf c5f8 | 7749 89af | b003 0000 | 4989 87a0 
  0x000001e91d18eba0: 0300 0048 | 83ec 2040 | f6c4 0f0f | 8419 0000 | 0048 83ec | 0848 b860 | b889 c9fa | 7f00 00ff 
  0x000001e91d18ebc0: d048 83c4 | 08e9 0c00 | 0000 48b8 | 60b8 89c9 | fa7f 0000 | ffd0 4883 | c420 49c7 | 87a0 0300 
  0x000001e91d18ebe0: 0000 0000 | 0049 c787 | b003 0000 | 0000 0000 | 49c7 87a8 | 0300 0000 | 0000 00c5 | f877 4983 
  0x000001e91d18ec00: 7f08 000f | 8405 0000 | 00e9 f222 | ffff 498b | 87f8 0300 | 0049 c787 | f803 0000 | 0000 0000 
  0x000001e91d18ec20: 4c8b 6dc0 | 4c8b 75c8 | 4e8d 74f5 | 00c3 50e9 | 7c01 0000 | 83fa 0475 | 14c5 fa10 | 44d9 4848 
  0x000001e91d18ec40: 83ec 08c5 | fa11 0424 | e963 0100 | 0083 fa03 | 750a 8b44 | d948 50e9 | 5401 0000 | ba12 0000 
  0x000001e91d18ec60: 00e8 0500 | 0000 e9a8 | 0000 0048 | 8d44 2408 | 4c89 6dc0 | 498b cfc5 | f877 4989 | afb0 0300 
  0x000001e91d18ec80: 0049 8987 | a003 0000 | 4883 ec20 | 40f6 c40f | 0f84 1900 | 0000 4883 | ec08 48b8 | 20de 89c9 
  0x000001e91d18eca0: fa7f 0000 | ffd0 4883 | c408 e90c | 0000 0048 | b820 de89 | c9fa 7f00 | 00ff d048 | 83c4 2049 
  0x000001e91d18ecc0: c787 a003 | 0000 0000 | 0000 49c7 | 87b0 0300 | 0000 0000 | 0049 c787 | a803 0000 | 0000 0000 
  0x000001e91d18ece0: c5f8 7749 | 837f 0800 | 0f84 0500 | 0000 e90d | 22ff ff49 | 8b87 f803 | 0000 49c7 | 87f8 0300 
  0x000001e91d18ed00: 0000 0000 | 004c 8b6d | c04c 8b75 | c84e 8d74 | f500 c349 | 8b8f 0004 | 0000 49c7 | 8700 0400 
  0x000001e91d18ed20: 0000 0000 | 008b d981 | e3ff ff00 | 00c1 e91c | 83e1 0f83 | f904 7509 | 8b04 1850 | e96f 0000 
  0x000001e91d18ed40: 0083 f906 | 7513 c5fa | 1004 1848 | 83ec 08c5 | fa11 0424 | e957 0000 | 0083 f903 | 750a 0fbf 
  0x000001e91d18ed60: 0418 50e9 | 4800 0000 | 83f9 0075 | 0a0f be04 | 1850 e939 | 0000 0083 | f902 750a | 0fb7 0418 
  0x000001e91d18ed80: 50e9 2a00 | 0000 83f9 | 0175 0a0f | be04 1850 | e91b 0000 | 0048 b988 | a5f2 c9fa | 7f00 0048 
  0x000001e91d18eda0: 83e4 f048 | b830 99af | c9fa 7f00 | 00ff d0f4 | 410f b65d | 0249 83c5 | 0249 ba30 | 1114 cafa 
  0x000001e91d18edc0: 7f00 0041 | ff24 da90 
[/MachCode]

---------------  P R O C E S S  ---------------

Threads class SMR info:
_java_thread_list=0x000001e928404680, length=9, elements={
0x000001e90b7ae6c0, 0x000001e9282c41c0, 0x000001e9284277a0, 0x000001e92841d990,
0x000001e9284148a0, 0x000001e928415300, 0x000001e928415d60, 0x000001e928418b00,
0x000001e9284419e0
}

Java Threads: ( => current thread )
=>0x000001e90b7ae6c0 JavaThread "main"                              [_thread_in_vm, id=3816, stack(0x000000afd6200000,0x000000afd6300000) (1024K)]
  0x000001e9282c41c0 JavaThread "Reference Handler"          daemon [_thread_blocked, id=17676, stack(0x000000afd6a00000,0x000000afd6b00000) (1024K)]
  0x000001e9284277a0 JavaThread "Finalizer"                  daemon [_thread_blocked, id=14616, stack(0x000000afd6b00000,0x000000afd6c00000) (1024K)]
  0x000001e92841d990 JavaThread "Signal Dispatcher"          daemon [_thread_blocked, id=17132, stack(0x000000afd6c00000,0x000000afd6d00000) (1024K)]
  0x000001e9284148a0 JavaThread "Attach Listener"            daemon [_thread_blocked, id=15192, stack(0x000000afd6d00000,0x000000afd6e00000) (1024K)]
  0x000001e928415300 JavaThread "Service Thread"             daemon [_thread_blocked, id=16516, stack(0x000000afd6e00000,0x000000afd6f00000) (1024K)]
  0x000001e928415d60 JavaThread "Monitor Deflation Thread"   daemon [_thread_blocked, id=12736, stack(0x000000afd6f00000,0x000000afd7000000) (1024K)]
  0x000001e928418b00 JavaThread "C2 CompilerThread0"         daemon [_thread_blocked, id=3732, stack(0x000000afd7000000,0x000000afd7100000) (1024K)]
  0x000001e9284419e0 JavaThread "C1 CompilerThread0"         daemon [_thread_blocked, id=5816, stack(0x000000afd7100000,0x000000afd7200000) (1024K)]
Total: 9

Other Threads:
  0x000001e92827f3d0 VMThread "VM Thread"                           [id=11516, stack(0x000000afd6900000,0x000000afd6a00000) (1024K)]
  0x000001e9281fc130 WatcherThread "VM Periodic Task Thread"        [id=1956, stack(0x000000afd6800000,0x000000afd6900000) (1024K)]
  0x000001e90d925460 WorkerThread "GC Thread#0"                     [id=17168, stack(0x000000afd6300000,0x000000afd6400000) (1024K)]
  0x000001e90d92d440 ConcurrentGCThread "G1 Main Marker"            [id=16540, stack(0x000000afd6400000,0x000000afd6500000) (1024K)]
  0x000001e90d92e6f0 WorkerThread "G1 Conc#0"                       [id=11548, stack(0x000000afd6500000,0x000000afd6600000) (1024K)]
  0x000001e90d9ba570 ConcurrentGCThread "G1 Refine#0"               [id=8084, stack(0x000000afd6600000,0x000000afd6700000) (1024K)]
  0x000001e90d9bb0f0 ConcurrentGCThread "G1 Service"                [id=8680, stack(0x000000afd6700000,0x000000afd6800000) (1024K)]
Total: 7

Threads with active compile tasks:
Total: 0

VM state: not at safepoint (normal execution)

VM Mutex/Monitor currently owned by a thread:  ([mutex/lock_event])
[0x00007ffaca12ab00] Metaspace_lock - owner thread: 0x000001e90b7ae6c0

Heap address: 0x00000000c8e00000, size: 882 MB, Compressed Oops mode: 32-bit

CDS archive(s) not mapped
Compressed class space mapped at: 0x0000000001000000-0x0000000041000000, reserved size: 1073741824
Narrow klass base: 0x0000000000000000, Narrow klass shift: 0, Narrow klass range: 0x41000000

GC Precious Log:
 CardTable entry size: 512
 Card Set container configuration: InlinePtr #cards 5 size 8 Array Of Cards #cards 12 size 40 Howl #buckets 4 coarsen threshold 1843 Howl Bitmap #cards 512 size 80 coarsen threshold 460 Card regions per heap region 1 cards per card region 2048
 CPUs: 4 total, 4 available
 Memory: 3520M
 Large Page Support: Disabled
 NUMA Support: Disabled
 Compressed Oops: Enabled (32-bit)
 Heap Region Size: 1M
 Heap Min Capacity: 8M
 Heap Initial Capacity: 56M
 Heap Max Capacity: 882M
 Pre-touch: Disabled
 Parallel Workers: 4
 Concurrent Workers: 1
 Concurrent Refinement Workers: 4
 Periodic GC: Disabled

Heap:
 garbage-first heap   total reserved 903168K, committed 57344K, used 0K [0x00000000c8e00000, 0x0000000100000000)
  region size 1024K, 1 young (1024K), 0 survivors (0K)
 Metaspace       used 3310K, committed 3328K, reserved 1114112K
  class space    used 238K, committed 256K, reserved 1048576K

Heap Regions: E=young(eden), S=young(survivor), O=old, HS=humongous(starts), HC=humongous(continues), CS=collection set, F=free, TAMS=top-at-mark-start, PB=parsable bottom
|   0|0x00000000c8e00000, 0x00000000c8e00000, 0x00000000c8f00000|  0%| F|  |TAMS 0x00000000c8e00000| PB 0x00000000c8e00000| Untracked |  0
|   1|0x00000000c8f00000, 0x00000000c8f00000, 0x00000000c9000000|  0%| F|  |TAMS 0x00000000c8f00000| PB 0x00000000c8f00000| Untracked |  0
|   2|0x00000000c9000000, 0x00000000c9000000, 0x00000000c9100000|  0%| F|  |TAMS 0x00000000c9000000| PB 0x00000000c9000000| Untracked |  0
|   3|0x00000000c9100000, 0x00000000c9100000, 0x00000000c9200000|  0%| F|  |TAMS 0x00000000c9100000| PB 0x00000000c9100000| Untracked |  0
|   4|0x00000000c9200000, 0x00000000c9200000, 0x00000000c9300000|  0%| F|  |TAMS 0x00000000c9200000| PB 0x00000000c9200000| Untracked |  0
|   5|0x00000000c9300000, 0x00000000c9300000, 0x00000000c9400000|  0%| F|  |TAMS 0x00000000c9300000| PB 0x00000000c9300000| Untracked |  0
|   6|0x00000000c9400000, 0x00000000c9400000, 0x00000000c9500000|  0%| F|  |TAMS 0x00000000c9400000| PB 0x00000000c9400000| Untracked |  0
|   7|0x00000000c9500000, 0x00000000c9500000, 0x00000000c9600000|  0%| F|  |TAMS 0x00000000c9500000| PB 0x00000000c9500000| Untracked |  0
|   8|0x00000000c9600000, 0x00000000c9600000, 0x00000000c9700000|  0%| F|  |TAMS 0x00000000c9600000| PB 0x00000000c9600000| Untracked |  0
|   9|0x00000000c9700000, 0x00000000c9700000, 0x00000000c9800000|  0%| F|  |TAMS 0x00000000c9700000| PB 0x00000000c9700000| Untracked |  0
|  10|0x00000000c9800000, 0x00000000c9800000, 0x00000000c9900000|  0%| F|  |TAMS 0x00000000c9800000| PB 0x00000000c9800000| Untracked |  0
|  11|0x00000000c9900000, 0x00000000c9900000, 0x00000000c9a00000|  0%| F|  |TAMS 0x00000000c9900000| PB 0x00000000c9900000| Untracked |  0
|  12|0x00000000c9a00000, 0x00000000c9a00000, 0x00000000c9b00000|  0%| F|  |TAMS 0x00000000c9a00000| PB 0x00000000c9a00000| Untracked |  0
|  13|0x00000000c9b00000, 0x00000000c9b00000, 0x00000000c9c00000|  0%| F|  |TAMS 0x00000000c9b00000| PB 0x00000000c9b00000| Untracked |  0
|  14|0x00000000c9c00000, 0x00000000c9c00000, 0x00000000c9d00000|  0%| F|  |TAMS 0x00000000c9c00000| PB 0x00000000c9c00000| Untracked |  0
|  15|0x00000000c9d00000, 0x00000000c9d00000, 0x00000000c9e00000|  0%| F|  |TAMS 0x00000000c9d00000| PB 0x00000000c9d00000| Untracked |  0
|  16|0x00000000c9e00000, 0x00000000c9e00000, 0x00000000c9f00000|  0%| F|  |TAMS 0x00000000c9e00000| PB 0x00000000c9e00000| Untracked |  0
|  17|0x00000000c9f00000, 0x00000000c9f00000, 0x00000000ca000000|  0%| F|  |TAMS 0x00000000c9f00000| PB 0x00000000c9f00000| Untracked |  0
|  18|0x00000000ca000000, 0x00000000ca000000, 0x00000000ca100000|  0%| F|  |TAMS 0x00000000ca000000| PB 0x00000000ca000000| Untracked |  0
|  19|0x00000000ca100000, 0x00000000ca100000, 0x00000000ca200000|  0%| F|  |TAMS 0x00000000ca100000| PB 0x00000000ca100000| Untracked |  0
|  20|0x00000000ca200000, 0x00000000ca200000, 0x00000000ca300000|  0%| F|  |TAMS 0x00000000ca200000| PB 0x00000000ca200000| Untracked |  0
|  21|0x00000000ca300000, 0x00000000ca300000, 0x00000000ca400000|  0%| F|  |TAMS 0x00000000ca300000| PB 0x00000000ca300000| Untracked |  0
|  22|0x00000000ca400000, 0x00000000ca400000, 0x00000000ca500000|  0%| F|  |TAMS 0x00000000ca400000| PB 0x00000000ca400000| Untracked |  0
|  23|0x00000000ca500000, 0x00000000ca500000, 0x00000000ca600000|  0%| F|  |TAMS 0x00000000ca500000| PB 0x00000000ca500000| Untracked |  0
|  24|0x00000000ca600000, 0x00000000ca600000, 0x00000000ca700000|  0%| F|  |TAMS 0x00000000ca600000| PB 0x00000000ca600000| Untracked |  0
|  25|0x00000000ca700000, 0x00000000ca700000, 0x00000000ca800000|  0%| F|  |TAMS 0x00000000ca700000| PB 0x00000000ca700000| Untracked |  0
|  26|0x00000000ca800000, 0x00000000ca800000, 0x00000000ca900000|  0%| F|  |TAMS 0x00000000ca800000| PB 0x00000000ca800000| Untracked |  0
|  27|0x00000000ca900000, 0x00000000ca900000, 0x00000000caa00000|  0%| F|  |TAMS 0x00000000ca900000| PB 0x00000000ca900000| Untracked |  0
|  28|0x00000000caa00000, 0x00000000caa00000, 0x00000000cab00000|  0%| F|  |TAMS 0x00000000caa00000| PB 0x00000000caa00000| Untracked |  0
|  29|0x00000000cab00000, 0x00000000cab00000, 0x00000000cac00000|  0%| F|  |TAMS 0x00000000cab00000| PB 0x00000000cab00000| Untracked |  0
|  30|0x00000000cac00000, 0x00000000cac00000, 0x00000000cad00000|  0%| F|  |TAMS 0x00000000cac00000| PB 0x00000000cac00000| Untracked |  0
|  31|0x00000000cad00000, 0x00000000cad00000, 0x00000000cae00000|  0%| F|  |TAMS 0x00000000cad00000| PB 0x00000000cad00000| Untracked |  0
|  32|0x00000000cae00000, 0x00000000cae00000, 0x00000000caf00000|  0%| F|  |TAMS 0x00000000cae00000| PB 0x00000000cae00000| Untracked |  0
|  33|0x00000000caf00000, 0x00000000caf00000, 0x00000000cb000000|  0%| F|  |TAMS 0x00000000caf00000| PB 0x00000000caf00000| Untracked |  0
|  34|0x00000000cb000000, 0x00000000cb000000, 0x00000000cb100000|  0%| F|  |TAMS 0x00000000cb000000| PB 0x00000000cb000000| Untracked |  0
|  35|0x00000000cb100000, 0x00000000cb100000, 0x00000000cb200000|  0%| F|  |TAMS 0x00000000cb100000| PB 0x00000000cb100000| Untracked |  0
|  36|0x00000000cb200000, 0x00000000cb200000, 0x00000000cb300000|  0%| F|  |TAMS 0x00000000cb200000| PB 0x00000000cb200000| Untracked |  0
|  37|0x00000000cb300000, 0x00000000cb300000, 0x00000000cb400000|  0%| F|  |TAMS 0x00000000cb300000| PB 0x00000000cb300000| Untracked |  0
|  38|0x00000000cb400000, 0x00000000cb400000, 0x00000000cb500000|  0%| F|  |TAMS 0x00000000cb400000| PB 0x00000000cb400000| Untracked |  0
|  39|0x00000000cb500000, 0x00000000cb500000, 0x00000000cb600000|  0%| F|  |TAMS 0x00000000cb500000| PB 0x00000000cb500000| Untracked |  0
|  40|0x00000000cb600000, 0x00000000cb600000, 0x00000000cb700000|  0%| F|  |TAMS 0x00000000cb600000| PB 0x00000000cb600000| Untracked |  0
|  41|0x00000000cb700000, 0x00000000cb700000, 0x00000000cb800000|  0%| F|  |TAMS 0x00000000cb700000| PB 0x00000000cb700000| Untracked |  0
|  42|0x00000000cb800000, 0x00000000cb800000, 0x00000000cb900000|  0%| F|  |TAMS 0x00000000cb800000| PB 0x00000000cb800000| Untracked |  0
|  43|0x00000000cb900000, 0x00000000cb900000, 0x00000000cba00000|  0%| F|  |TAMS 0x00000000cb900000| PB 0x00000000cb900000| Untracked |  0
|  44|0x00000000cba00000, 0x00000000cba00000, 0x00000000cbb00000|  0%| F|  |TAMS 0x00000000cba00000| PB 0x00000000cba00000| Untracked |  0
|  45|0x00000000cbb00000, 0x00000000cbb00000, 0x00000000cbc00000|  0%| F|  |TAMS 0x00000000cbb00000| PB 0x00000000cbb00000| Untracked |  0
|  46|0x00000000cbc00000, 0x00000000cbc00000, 0x00000000cbd00000|  0%| F|  |TAMS 0x00000000cbc00000| PB 0x00000000cbc00000| Untracked |  0
|  47|0x00000000cbd00000, 0x00000000cbd00000, 0x00000000cbe00000|  0%| F|  |TAMS 0x00000000cbd00000| PB 0x00000000cbd00000| Untracked |  0
|  48|0x00000000cbe00000, 0x00000000cbe00000, 0x00000000cbf00000|  0%| F|  |TAMS 0x00000000cbe00000| PB 0x00000000cbe00000| Untracked |  0
|  49|0x00000000cbf00000, 0x00000000cbf00000, 0x00000000cc000000|  0%| F|  |TAMS 0x00000000cbf00000| PB 0x00000000cbf00000| Untracked |  0
|  50|0x00000000cc000000, 0x00000000cc000000, 0x00000000cc100000|  0%| F|  |TAMS 0x00000000cc000000| PB 0x00000000cc000000| Untracked |  0
|  51|0x00000000cc100000, 0x00000000cc100000, 0x00000000cc200000|  0%| F|  |TAMS 0x00000000cc100000| PB 0x00000000cc100000| Untracked |  0
|  52|0x00000000cc200000, 0x00000000cc200000, 0x00000000cc300000|  0%| F|  |TAMS 0x00000000cc200000| PB 0x00000000cc200000| Untracked |  0
|  53|0x00000000cc300000, 0x00000000cc300000, 0x00000000cc400000|  0%| F|  |TAMS 0x00000000cc300000| PB 0x00000000cc300000| Untracked |  0
|  54|0x00000000cc400000, 0x00000000cc400000, 0x00000000cc500000|  0%| F|  |TAMS 0x00000000cc400000| PB 0x00000000cc400000| Untracked |  0
|  55|0x00000000cc500000, 0x00000000cc5d7200, 0x00000000cc600000| 84%| E|  |TAMS 0x00000000cc500000| PB 0x00000000cc500000| Complete |  0

Card table byte_map: [0x000001e924e10000,0x000001e924fd0000] _byte_map_base: 0x000001e9247c9000

Marking Bits: (CMBitMap*) 0x000001e90d925b70
 Bits: [0x000001e924fd0000, 0x000001e925d98000)

Polling page: 0x000001e90d0c0000

Metaspace:

Usage:
  Non-class:      3.00 MB used.
      Class:    238.05 KB used.
       Both:      3.23 MB used.

Virtual space:
  Non-class space:       64.00 MB reserved,       3.00 MB (  5%) committed,  1 nodes.
      Class space:        1.00 GB reserved,     256.00 KB ( <1%) committed,  1 nodes.
             Both:        1.06 GB reserved,       3.25 MB ( <1%) committed. 

Chunk freelists:
   Non-Class:  12.00 MB
       Class:  15.75 MB
        Both:  27.75 MB

MaxMetaspaceSize: unlimited
CompressedClassSpaceSize: 1.00 GB
Initial GC threshold: 21.00 MB
Current GC threshold: 21.00 MB
CDS: off
 - commit_granule_bytes: 65536.
 - commit_granule_words: 8192.
 - virtual_space_node_default_size: 8388608.
 - enlarge_chunks_in_place: 1.
 - use_allocation_guard: 0.


Internal statistics:

num_allocs_failed_limit: 0.
num_arena_births: 2.
num_arena_deaths: 0.
num_vsnodes_births: 2.
num_vsnodes_deaths: 0.
num_space_committed: 52.
num_space_uncommitted: 0.
num_chunks_returned_to_freelist: 0.
num_chunks_taken_from_freelist: 3.
num_chunk_merges: 0.
num_chunk_splits: 2.
num_chunks_enlarged: 0.
num_inconsistent_stats: 0.

CodeHeap 'non-profiled nmethods': size=120000Kb used=0Kb max_used=0Kb free=120000Kb
 bounds [0x000001e91d720000, 0x000001e91d990000, 0x000001e924c50000]
CodeHeap 'profiled nmethods': size=120000Kb used=1Kb max_used=1Kb free=119998Kb
 bounds [0x000001e915c50000, 0x000001e915ec0000, 0x000001e91d180000]
CodeHeap 'non-nmethods': size=5760Kb used=1150Kb max_used=1161Kb free=4610Kb
 bounds [0x000001e91d180000, 0x000001e91d3f0000, 0x000001e91d720000]
 total_blobs=289 nmethods=2 adapters=193
 compilation: enabled
              stopped_count=0, restarted_count=0
 full_count=0

Compilation events (4 events):
Event: 0.132 Thread 0x000001e9284419e0    1       3       java.lang.Object::<init> (1 bytes)
Event: 0.133 Thread 0x000001e9284419e0 nmethod 1 0x000001e915c50010 code [0x000001e915c501a0, 0x000001e915c502a8]
Event: 0.141 Thread 0x000001e9284419e0    2       3       java.lang.String::isLatin1 (19 bytes)
Event: 0.142 Thread 0x000001e9284419e0 nmethod 2 0x000001e915c50310 code [0x000001e915c504a0, 0x000001e915c50610]

GC Heap History (0 events):
No events

Dll operation events (2 events):
Event: 0.017 Loaded shared library C:\Program Files\Java\jdk-22\bin\java.dll
Event: 0.132 Loaded shared library C:\Program Files\Java\jdk-22\bin\jsvml.dll

Deoptimization events (0 events):
No events

Classes loaded (20 events):
Event: 0.140 Loading class java/io/File done
Event: 0.140 Loading class java/io/DefaultFileSystem
Event: 0.141 Loading class java/io/DefaultFileSystem done
Event: 0.141 Loading class java/io/WinNTFileSystem
Event: 0.141 Loading class java/io/FileSystem
Event: 0.141 Loading class java/io/FileSystem done
Event: 0.141 Loading class java/io/WinNTFileSystem done
Event: 0.142 Loading class jdk/internal/module/ModulePatcher
Event: 0.142 Loading class jdk/internal/module/ModulePatcher done
Event: 0.142 Loading class java/util/HashSet
Event: 0.143 Loading class java/util/HashSet done
Event: 0.143 Loading class jdk/internal/module/ModuleBootstrap$Counters
Event: 0.144 Loading class jdk/internal/module/ModuleBootstrap$Counters done
Event: 0.144 Loading class jdk/internal/module/ArchivedBootLayer
Event: 0.144 Loading class jdk/internal/module/ArchivedBootLayer done
Event: 0.144 Loading class jdk/internal/module/ArchivedModuleGraph
Event: 0.144 Loading class jdk/internal/module/ArchivedModuleGraph done
Event: 0.145 Loading class jdk/internal/module/SystemModuleFinders
Event: 0.145 Loading class jdk/internal/module/SystemModuleFinders done
Event: 0.145 Loading class java/net/URI

Classes unloaded (0 events):
No events

Classes redefined (0 events):
No events

Internal exceptions (0 events):
No events

ZGC Phase Switch (0 events):
No events

VM Operations (0 events):
No events

Memory protections (0 events):
No events

Nmethod flushes (0 events):
No events

Events (9 events):
Event: 0.032 Thread 0x000001e90b7ae6c0 Thread added: 0x000001e90b7ae6c0
Event: 0.126 Thread 0x000001e90b7ae6c0 Thread added: 0x000001e9282c41c0
Event: 0.126 Thread 0x000001e90b7ae6c0 Thread added: 0x000001e9284277a0
Event: 0.129 Thread 0x000001e90b7ae6c0 Thread added: 0x000001e92841d990
Event: 0.129 Thread 0x000001e90b7ae6c0 Thread added: 0x000001e9284148a0
Event: 0.129 Thread 0x000001e90b7ae6c0 Thread added: 0x000001e928415300
Event: 0.129 Thread 0x000001e90b7ae6c0 Thread added: 0x000001e928415d60
Event: 0.129 Thread 0x000001e90b7ae6c0 Thread added: 0x000001e928418b00
Event: 0.129 Thread 0x000001e90b7ae6c0 Thread added: 0x000001e9284419e0


Dynamic libraries:
0x00007ff656e10000 - 0x00007ff656e20000 	C:\Program Files\Java\jdk-22\bin\java.exe
0x00007ffb0c170000 - 0x00007ffb0c368000 	C:\WINDOWS\SYSTEM32\ntdll.dll
0x00007ffb0bd70000 - 0x00007ffb0be31000 	C:\WINDOWS\System32\KERNEL32.DLL
0x00007ffb09d00000 - 0x00007ffb09ffd000 	C:\WINDOWS\System32\KERNELBASE.dll
0x00007ffb0a0a0000 - 0x00007ffb0a1a0000 	C:\WINDOWS\System32\ucrtbase.dll
0x00007ffaf5000000 - 0x00007ffaf501b000 	C:\Program Files\Java\jdk-22\bin\VCRUNTIME140.dll
0x00007ffb00520000 - 0x00007ffb00537000 	C:\Program Files\Java\jdk-22\bin\jli.dll
0x00007ffb0a920000 - 0x00007ffb0aabd000 	C:\WINDOWS\System32\USER32.dll
0x00007ffb09af0000 - 0x00007ffb09b12000 	C:\WINDOWS\System32\win32u.dll
0x00007ffaf4490000 - 0x00007ffaf472a000 	C:\WINDOWS\WinSxS\amd64_microsoft.windows.common-controls_6595b64144ccf1df_6.0.19041.4355_none_60b8b9eb71f62e16\COMCTL32.dll
0x00007ffb0a770000 - 0x00007ffb0a79b000 	C:\WINDOWS\System32\GDI32.dll
0x00007ffb0bf70000 - 0x00007ffb0c00e000 	C:\WINDOWS\System32\msvcrt.dll
0x00007ffb09be0000 - 0x00007ffb09cf7000 	C:\WINDOWS\System32\gdi32full.dll
0x00007ffb0a000000 - 0x00007ffb0a09d000 	C:\WINDOWS\System32\msvcp_win.dll
0x00007ffb0a740000 - 0x00007ffb0a76f000 	C:\WINDOWS\System32\IMM32.DLL
0x00007ffafef20000 - 0x00007ffafef2c000 	C:\Program Files\Java\jdk-22\bin\vcruntime140_1.dll
0x00007ffad8b70000 - 0x00007ffad8bfe000 	C:\Program Files\Java\jdk-22\bin\msvcp140.dll
0x00007ffac94c0000 - 0x00007ffaca209000 	C:\Program Files\Java\jdk-22\bin\server\jvm.dll
0x00007ffb0a560000 - 0x00007ffb0a610000 	C:\WINDOWS\System32\ADVAPI32.dll
0x00007ffb0a7a0000 - 0x00007ffb0a840000 	C:\WINDOWS\System32\sechost.dll
0x00007ffb0be40000 - 0x00007ffb0bf63000 	C:\WINDOWS\System32\RPCRT4.dll
0x00007ffb09b20000 - 0x00007ffb09b47000 	C:\WINDOWS\System32\bcrypt.dll
0x00007ffb0baa0000 - 0x00007ffb0bb0b000 	C:\WINDOWS\System32\WS2_32.dll
0x00007ffb09680000 - 0x00007ffb096cb000 	C:\WINDOWS\SYSTEM32\POWRPROF.dll
0x00007ffb07530000 - 0x00007ffb07557000 	C:\WINDOWS\SYSTEM32\WINMM.dll
0x00007ffafc980000 - 0x00007ffafc98a000 	C:\WINDOWS\SYSTEM32\VERSION.dll
0x00007ffb09660000 - 0x00007ffb09672000 	C:\WINDOWS\SYSTEM32\UMPDC.dll
0x00007ffb08040000 - 0x00007ffb08052000 	C:\WINDOWS\SYSTEM32\kernel.appcore.dll
0x00007ffaf4ff0000 - 0x00007ffaf4ffa000 	C:\Program Files\Java\jdk-22\bin\jimage.dll
0x00007ffb07340000 - 0x00007ffb07524000 	C:\WINDOWS\SYSTEM32\DBGHELP.DLL
0x00007ffb07300000 - 0x00007ffb07334000 	C:\WINDOWS\SYSTEM32\dbgcore.DLL
0x00007ffb09b50000 - 0x00007ffb09bd2000 	C:\WINDOWS\System32\bcryptPrimitives.dll
0x00007ffaf4fb0000 - 0x00007ffaf4fce000 	C:\Program Files\Java\jdk-22\bin\java.dll
0x00007ffb0b180000 - 0x00007ffb0b8ef000 	C:\WINDOWS\System32\SHELL32.dll
0x00007ffb0b050000 - 0x00007ffb0b17b000 	C:\WINDOWS\System32\ole32.dll
0x00007ffb0a1a0000 - 0x00007ffb0a4f3000 	C:\WINDOWS\System32\combase.dll
0x00007ffb07880000 - 0x00007ffb08023000 	C:\WINDOWS\SYSTEM32\windows.storage.dll
0x00007ffb09180000 - 0x00007ffb091ae000 	C:\WINDOWS\SYSTEM32\Wldp.dll
0x00007ffb0bb70000 - 0x00007ffb0bc3d000 	C:\WINDOWS\System32\OLEAUT32.dll
0x00007ffb0bc40000 - 0x00007ffb0bced000 	C:\WINDOWS\System32\SHCORE.dll
0x00007ffb0a500000 - 0x00007ffb0a555000 	C:\WINDOWS\System32\shlwapi.dll
0x00007ffb09750000 - 0x00007ffb09774000 	C:\WINDOWS\SYSTEM32\profapi.dll
0x00007ffacd450000 - 0x00007ffacd527000 	C:\Program Files\Java\jdk-22\bin\jsvml.dll

dbghelp: loaded successfully - version: 4.0.5 - missing functions: none
symbol engine: initialized successfully - sym options: 0x614 - pdb path: .;C:\Program Files\Java\jdk-22\bin;C:\WINDOWS\SYSTEM32;C:\WINDOWS\WinSxS\amd64_microsoft.windows.common-controls_6595b64144ccf1df_6.0.19041.4355_none_60b8b9eb71f62e16;C:\Program Files\Java\jdk-22\bin\server

VM Arguments:
java_command: com.mycompany.library.LIBRARY
java_class_path (initial): C:\Users\Mateo Gonzalez\Documents\NetBeansProjects\LIBRARY\target\classes
Launcher Type: SUN_STANDARD

[Global flags]
     intx CICompilerCount                          = 3                                         {product} {ergonomic}
     uint ConcGCThreads                            = 1                                         {product} {ergonomic}
     uint G1ConcRefinementThreads                  = 4                                         {product} {ergonomic}
   size_t G1HeapRegionSize                         = 1048576                                   {product} {ergonomic}
   size_t InitialHeapSize                          = 58720256                                  {product} {ergonomic}
   size_t MarkStackSize                            = 4194304                                   {product} {ergonomic}
   size_t MaxHeapSize                              = 924844032                                 {product} {ergonomic}
   size_t MaxNewSize                               = 554696704                                 {product} {ergonomic}
   size_t MinHeapDeltaBytes                        = 1048576                                   {product} {ergonomic}
   size_t MinHeapSize                              = 8388608                                   {product} {ergonomic}
    uintx NonNMethodCodeHeapSize                   = 5832780                                {pd product} {ergonomic}
    uintx NonProfiledCodeHeapSize                  = 122912730                              {pd product} {ergonomic}
    uintx ProfiledCodeHeapSize                     = 122912730                              {pd product} {ergonomic}
    uintx ReservedCodeCacheSize                    = 251658240                              {pd product} {ergonomic}
     bool SegmentedCodeCache                       = true                                      {product} {ergonomic}
   size_t SoftMaxHeapSize                          = 924844032                              {manageable} {ergonomic}
     bool UseCompressedOops                        = true                           {product lp64_product} {ergonomic}
     bool UseG1GC                                  = true                                      {product} {ergonomic}
     bool UseLargePagesIndividualAllocation        = false                                  {pd product} {ergonomic}

Logging:
Log output configuration:
 #0: stdout all=warning uptime,level,tags foldmultilines=false
 #1: stderr all=off uptime,level,tags foldmultilines=false

Environment Variables:
JAVA_HOME=C:\Program Files\Java\jdk-22
PATH=C:\Program Files\Common Files\Oracle\Java\javapath;C:\Program Files (x86)\Common Files\Oracle\Java\javapath;C:\WINDOWS\system32;C:\WINDOWS;C:\WINDOWS\System32\Wbem;C:\WINDOWS\System32\WindowsPowerShell\v1.0\;C:\WINDOWS\System32\OpenSSH\;C:\Users\Mateo Gonzalez\AppData\Local\Microsoft\WindowsApps;
USERNAME=Mateo Gonzalez
OS=Windows_NT
PROCESSOR_IDENTIFIER=AMD64 Family 23 Model 24 Stepping 1, AuthenticAMD
TMP=C:\Users\MATEOG~1\AppData\Local\Temp
TEMP=C:\Users\MATEOG~1\AppData\Local\Temp




Periodic native trim disabled

---------------  S Y S T E M  ---------------

OS:
 Windows 10 , 64 bit Build 19041 (10.0.19041.4842)
OS uptime: 14 days 20:45 hours

CPU: total 4 (initial active 4) (4 cores per cpu, 2 threads per core) family 23 model 24 stepping 1 microcode 0x0, cx8, cmov, fxsr, ht, mmx, 3dnowpref, sse, sse2, sse3, ssse3, sse4a, sse4.1, sse4.2, popcnt, lzcnt, tsc, tscinvbit, avx, avx2, aes, clmul, bmi1, bmi2, adx, sha, fma, vzeroupper, clflush, clflushopt, rdtscp, f16c
Processor Information for processor 0
  Max Mhz: 2400, Current Mhz: 1400, Mhz Limit: 2400
Processor Information for processor 1
  Max Mhz: 2400, Current Mhz: 1400, Mhz Limit: 2400
Processor Information for processor 2
  Max Mhz: 2400, Current Mhz: 2400, Mhz Limit: 2400
Processor Information for processor 3
  Max Mhz: 2400, Current Mhz: 2400, Mhz Limit: 2400

Memory: 4k page, system-wide physical 3520M (343M free)
TotalPageFile size 14272M (AvailPageFile size 3M)
current process WorkingSet (physical memory assigned to process): 24M, peak: 24M
current process commit charge ("private bytes"): 116M, peak: 121M

vm_info: Java HotSpot(TM) 64-Bit Server VM (22.0.2+9-70) for windows-amd64 JRE (22.0.2+9-70), built on 2024-06-04T16:52:23Z by "mach5one" with MS VC++ 17.6 (VS2022)

END.
